<?xml version="1.0" encoding="UTF-8"?>
<!-- Generated by org.testng.reporters.JUnitReportReporter -->
<testsuite hostname="ubuntu" name="regression3.Mod3Test" tests="1" failures="0" timestamp="13 Aug 2014 21:36:18 GMT" time="0.002" errors="0">
  <testcase name="selection" time="0.002" classname="regression3.Mod3Test"/>
</testsuite>
