<?xml version="1.0" encoding="UTF-8"?>
<!-- Generated by org.testng.reporters.JUnitReportReporter -->
<testsuite hostname="ubuntu" name="regression1.Mod1Test" tests="1" failures="0" timestamp="13 Aug 2014 18:27:28 GMT" time="0.028" errors="0">
  <testcase name="selection" time="0.028" classname="regression1.Mod1Test"/>
</testsuite>
