<?xml version="1.0" encoding="UTF-8"?>
<!-- Generated by org.testng.reporters.JUnitReportReporter -->
<testsuite hostname="ubuntu" name="regression2.Mod2Test" tests="1" failures="0" timestamp="13 Aug 2014 21:36:18 GMT" time="0.008" errors="0">
  <testcase name="selection" time="0.008" classname="regression2.Mod2Test"/>
</testsuite>
