<?xml version="1.0" encoding="UTF-8"?>
<!-- Generated by org.testng.reporters.JUnitReportReporter -->
<testsuite hostname="ubuntu" name="regression2.Mod2Test" tests="1" failures="0" timestamp="13 Aug 2014 22:21:32 GMT" time="0.006" errors="0">
  <testcase name="selection" time="0.006" classname="regression2.Mod2Test"/>
</testsuite>
