<?xml version="1.0" encoding="UTF-8"?>
<!-- Generated by org.testng.reporters.JUnitReportReporter -->
<testsuite hostname="ubuntu" name="regressiontest2.modtest2" tests="1" failures="0" timestamp="12 Aug 2014 23:51:32 GMT" time="0.015" errors="0">
  <testcase name="selection" time="0.015" classname="regressiontest2.modtest2"/>
</testsuite> <!-- regressiontest2.modtest2 -->
