<?xml version="1.0" encoding="UTF-8"?>
<!-- Generated by org.testng.reporters.JUnitReportReporter -->
<testsuite hostname="ubuntu" name="mod3test" tests="1" failures="0" timestamp="13 Aug 2014 00:29:06 GMT" time="0.026" errors="0">
  <testcase name="selection" time="0.026" classname="mod3test"/>
</testsuite> <!-- mod3test -->
