<?xml version="1.0" encoding="UTF-8"?>
<!-- Generated by org.testng.reporters.JUnitReportReporter -->
<testsuite hostname="ubuntu" name="regressiontest1.modtest1" tests="1" failures="0" timestamp="12 Aug 2014 23:44:29 GMT" time="0.040" errors="0">
  <testcase name="selection" time="0.040" classname="regressiontest1.modtest1"/>
</testsuite> <!-- regressiontest1.modtest1 -->
